#
# A fatal error has been detected by the Java Runtime Environment:
#
#  EXCEPTION_ACCESS_VIOLATION (0xc0000005) at pc=0x00007ffcfc78bb31, pid=26732, tid=9756
#
# JRE version: OpenJDK Runtime Environment Temurin-22.0.2+9 (22.0.2+9) (build 22.0.2+9)
# Java VM: OpenJDK 64-Bit Server VM Temurin-22.0.2+9 (22.0.2+9, mixed mode, sharing, tiered, compressed oops, compressed class ptrs, g1 gc, windows-amd64)
# Problematic frame:
# C  [awt.dll+0xdbb31]
#
# No core dump will be written. Minidumps are not enabled by default on client versions of Windows
#
# If you would like to submit a bug report, please visit:
#   https://github.com/adoptium/adoptium-support/issues
# The crash happened outside the Java Virtual Machine in native code.
# See problematic frame for where to report the bug.
#

---------------  S U M M A R Y ------------

Command Line: -Dfile.encoding=UTF-8 --module-path=C:\Users\User\Documents\tecnicas_project\Project\build\classes project.MainFrame

Host: AMD Ryzen 7 3700U with Radeon Vega Mobile Gfx  , 8 cores, 5G,  Windows 11 , 64 bit Build 26100 (10.0.26100.1882)
Time: Sun Nov  3 12:09:31 2024 Hora est. Pacífico, Sudamérica elapsed time: 9273.433090 seconds (0d 2h 34m 33s)

---------------  T H R E A D  ---------------

Current thread (0x0000021a51a5d1b0):  JavaThread "AWT-Windows" daemon [_thread_in_native, id=9756, stack(0x000000a64f000000,0x000000a64f100000) (1024K)]

Stack: [0x000000a64f000000,0x000000a64f100000],  sp=0x000000a64f0fec60,  free space=1019k
Native frames: (J=compiled Java code, j=interpreted, Vv=VM code, C=native code)
C  [awt.dll+0xdbb31]  (no source info available)
C  [awt.dll+0x9792c]  (no source info available)
C  [awt.dll+0x979d6]  (no source info available)
C  [awt.dll+0x94d28]  (no source info available)
C  [awt.dll+0xe0d3c]  (no source info available)
C  [awt.dll+0xb0f4d]  (no source info available)
C  [awt.dll+0x97f0d]  (no source info available)
C  [USER32.dll+0x15801]  (no source info available)
C  [USER32.dll+0x152dc]  (no source info available)
C  [awt.dll+0x161a3]  (no source info available)
C  [COMCTL32.dll+0x24d78]  (no source info available)
C  [COMCTL32.dll+0x24b4f]  (no source info available)
C  [USER32.dll+0x15801]  (no source info available)
C  [USER32.dll+0x1334d]  (no source info available)
C  [awt.dll+0xd4fce]  (no source info available)
C  [awt.dll+0xd6f72]  (no source info available)
C  0x0000021a4545cfc7  (no source info available)

The last pc belongs to native method entry point (kind = native) (printed below).
Java frames: (J=compiled Java code, j=interpreted, Vv=VM code)
j  sun.awt.windows.WToolkit.eventLoop()V+0 java.desktop@22.0.2
j  sun.awt.windows.WToolkit.run()V+50 java.desktop@22.0.2
j  java.lang.Thread.runWith(Ljava/lang/Object;Ljava/lang/Runnable;)V+5 java.base@22.0.2
j  java.lang.Thread.run()V+19 java.base@22.0.2
v  ~StubRoutines::call_stub 0x0000021a4545100d

siginfo: EXCEPTION_ACCESS_VIOLATION (0xc0000005), reading address 0x0000000000000008


Registers:
RAX=0x0000000000000000, RBX=0x0000021a9d60a580, RCX=0x0000000000000000, RDX=0x0000000000000000
RSP=0x000000a64f0fec60, RBP=0x000000a64f0fed69, RSI=0xffffffffb40111ce, RDI=0x0000000000000000
R8 =0x0000000000000001, R9 =0x000000a64d73e000, R10=0x0000000000000000, R11=0x0000000000000202
R12=0x0000000000000000, R13=0x0000000000000310, R14=0x0000000000000000, R15=0x0000000000000000
RIP=0x00007ffcfc78bb31, EFLAGS=0x0000000000010246


Register to memory mapping:

RAX=0x0 is null
RBX=0x0000021a9d60a580 points into unknown readable memory: 0x0000021a51f851c0 | c0 51 f8 51 1a 02 00 00
RCX=0x0 is null
RDX=0x0 is null
RSP=0x000000a64f0fec60 is pointing into the stack for thread: 0x0000021a51a5d1b0
RBP=0x000000a64f0fed69 is pointing into the stack for thread: 0x0000021a51a5d1b0
RSI=0xffffffffb40111ce is an unknown value
RDI=0x0 is null
R8 =0x0000000000000001 is an unknown value
R9 =0x000000a64d73e000 points into unknown readable memory: 0x0000000000000000 | 00 00 00 00 00 00 00 00
R10=0x0 is null
R11=0x0000000000000202 is an unknown value
R12=0x0 is null
R13=0x0000000000000310 is an unknown value
R14=0x0 is null
R15=0x0 is null

Top of Stack: (sp=0x000000a64f0fec60)
0x000000a64f0fec60:   00007ffcfc7e9848 ffffffffb40111ce
0x000000a64f0fec70:   0000000000000000 0000021a9c201100
0x000000a64f0fec80:   0000000000000000 00007ffcfc74792c
0x000000a64f0fec90:   ffffffffb40111ce 0000021a9c201100
0x000000a64f0feca0:   0000021a9d60a580 000000a64f0fefd8
0x000000a64f0fecb0:   0000021a9c201100 00007ffcfc7479d6
0x000000a64f0fecc0:   00007ffcfc6b0000 0000000000000000
0x000000a64f0fecd0:   000000a64f0fedc8 00007ffd83e04d78
0x000000a64f0fece0:   0000021a9c201100 00007ffcfc744d28
0x000000a64f0fecf0:   0000021a9c201100 0000000000000000
0x000000a64f0fed00:   00007ffcfc747eb0 00007ffd99e6f4ee
0x000000a64f0fed10:   0000000000000000 00007ffd996ba5b9
0x000000a64f0fed20:   000000a64f0fedc0 0000000000000001
0x000000a64f0fed30:   0000000000000000 000000a64f0fedc8
0x000000a64f0fed40:   0000000000000000 0000000000000000
0x000000a64f0fed50:   0000000000000000 0000021a51a5d570
0x000000a64f0fed60:   0000021a9c2011a0 0000000000000000
0x000000a64f0fed70:   0000000000000000 0000165b877d92f0
0x000000a64f0fed80:   0000000000000000 0000000000000000
0x000000a64f0fed90:   0000000000000000 0000000000000000
0x000000a64f0feda0:   0000000000000000 0000000000000310
0x000000a64f0fedb0:   0000000000000000 0000021a9c201100
0x000000a64f0fedc0:   0000021a9c201100 00007ffcfc790d3c
0x000000a64f0fedd0:   0000000000000000 0000c5deb2286104
0x000000a64f0fede0:   0000e14b5c47afaf 0000000000000022
0x000000a64f0fedf0:   0000000000000001 0000000000000000
0x000000a64f0fee00:   0000000000000000 00007ffd99695a32
0x000000a64f0fee10:   0000000000000000 000000000000c1f8
0x000000a64f0fee20:   0000000000000022 00007ffd99e3e0cf
0x000000a64f0fee30:   0000000000170a7a 00007ffd9969658a
0x000000a64f0fee40:   ffffffffffffffeb 0000165b877d93d0
0x000000a64f0fee50:   0000021a33ddf5e0 0000000000000000 

Instructions: (pc=0x00007ffcfc78bb31)
0x00007ffcfc78ba31:   83 ec 28 66 0f 6e c2 0f 5b c0 f3 0f 59 41 48 0f
0x00007ffcfc78ba41:   5a c8 f2 0f 10 05 65 42 03 00 f2 0f 5c 0d c5 41
0x00007ffcfc78ba51:   01 00 66 0f 2f c1 76 0a b8 00 00 00 80 48 83 c4
0x00007ffcfc78ba61:   28 c3 66 0f 2f 0d 45 8b 02 00 76 0a b8 ff ff ff
0x00007ffcfc78ba71:   7f 48 83 c4 28 c3 0f 28 c1 e8 ef 0d 01 00 f2 0f
0x00007ffcfc78ba81:   2c c0 48 83 c4 28 c3 cc cc cc cc cc cc cc cc 48
0x00007ffcfc78ba91:   83 ec 28 66 0f 6e c2 0f 5b c0 f3 0f 59 41 4c 0f
0x00007ffcfc78baa1:   5a c8 f2 0f 10 05 05 42 03 00 f2 0f 5c 0d 65 41
0x00007ffcfc78bab1:   01 00 66 0f 2f c1 76 0a b8 00 00 00 80 48 83 c4
0x00007ffcfc78bac1:   28 c3 66 0f 2f 0d e5 8a 02 00 76 0a b8 ff ff ff
0x00007ffcfc78bad1:   7f 48 83 c4 28 c3 0f 28 c1 e8 8f 0d 01 00 f2 0f
0x00007ffcfc78bae1:   2c c0 48 83 c4 28 c3 cc cc cc cc cc cc cc cc 48
0x00007ffcfc78baf1:   8b 49 08 48 85 c9 0f 85 c3 80 fe ff 33 c0 c3 48
0x00007ffcfc78bb01:   89 5c 24 08 48 89 74 24 10 57 48 83 ec 20 8b fa
0x00007ffcfc78bb11:   48 8b f1 e8 c7 c1 f4 ff 48 8b d8 48 89 44 24 40
0x00007ffcfc78bb21:   41 b8 01 00 00 00 8b d7 48 8b c8 e8 1f c1 f4 ff
0x00007ffcfc78bb31:   48 8b 48 08 48 85 c9 74 0d 48 8b d6 e8 7e 80 fe
0x00007ffcfc78bb41:   ff 48 8b f8 eb 02 33 ff 48 8b cb e8 4f c3 f4 ff
0x00007ffcfc78bb51:   90 48 8b c7 48 8b 5c 24 30 48 8b 74 24 38 48 83
0x00007ffcfc78bb61:   c4 20 5f c3 cc cc cc cc cc cc cc cc cc cc cc 48
0x00007ffcfc78bb71:   8b 01 89 10 c3 cc cc cc cc cc cc cc cc cc cc 40
0x00007ffcfc78bb81:   57 48 83 ec 40 48 83 79 38 00 48 8b f9 0f 84 96
0x00007ffcfc78bb91:   01 00 00 48 8b 0d ed a2 06 00 ba 02 00 01 00 48
0x00007ffcfc78bba1:   89 5c 24 58 48 89 74 24 68 e8 59 f6 00 00 4c 8b
0x00007ffcfc78bbb1:   05 02 a8 06 00 48 8b c8 48 8b 57 38 48 8b d8 4c
0x00007ffcfc78bbc1:   8b 08 41 ff 91 f8 02 00 00 48 8b f0 48 85 c0 0f
0x00007ffcfc78bbd1:   84 4a 01 00 00 4c 8b 0b 48 8b d0 4c 8b 05 c5 a7
0x00007ffcfc78bbe1:   06 00 48 8b cb 41 ff 91 00 01 00 00 84 c0 0f 84
0x00007ffcfc78bbf1:   2b 01 00 00 48 8b 7f 08 48 8b d6 48 8b 03 48 8b
0x00007ffcfc78bc01:   cb 4c 8b 05 b7 a7 06 00 48 81 c7 00 04 00 00 48
0x00007ffcfc78bc11:   89 6c 24 60 4c 89 7c 24 20 ff 90 f8 02 00 00 4c
0x00007ffcfc78bc21:   8b 0b 48 8b d6 4c 8b 05 9b a7 06 00 48 8b cb 4c 


Stack slot to memory mapping:

stack at sp + 0 slots: 0x00007ffcfc7e9848 awt.dll
stack at sp + 1 slots: 0xffffffffb40111ce is an unknown value
stack at sp + 2 slots: 0x0 is null
stack at sp + 3 slots: 0x0000021a9c201100 points into unknown readable memory: 0x00007ffcfc7bb8f0 | f0 b8 7b fc fc 7f 00 00
stack at sp + 4 slots: 0x0 is null
stack at sp + 5 slots: 0x00007ffcfc74792c awt.dll
stack at sp + 6 slots: 0xffffffffb40111ce is an unknown value
stack at sp + 7 slots: 0x0000021a9c201100 points into unknown readable memory: 0x00007ffcfc7bb8f0 | f0 b8 7b fc fc 7f 00 00

native method entry point (kind = native)  [0x0000021a4545cba0, 0x0000021a4545d6c0]  2848 bytes
[MachCode]
  0x0000021a4545cba0: 488b 4b08 | 0fb7 492e | 584c 8d74 | ccf8 6800 | 0000 0068 | 0000 0000 | 5055 488b | ec41 5568 
  0x0000021a4545cbc0: 0000 0000 | 4c8b 6b08 | 4d8d 6d38 | 5348 8b53 | 0848 8b52 | 0848 8b52 | 1848 8b52 | 7048 8b12 
  0x0000021a4545cbe0: 5248 8b53 | 1048 85d2 | 0f84 0700 | 0000 4881 | c210 0100 | 0052 488b | 5308 488b | 5208 488b 
  0x0000021a4545cc00: 5210 5249 | 8bc6 482b | c548 c1e8 | 0350 6800 | 0000 0068 | f7ff ffff | 41c6 8781 | 0400 0001 
  0x0000021a4545cc20: 488b 4310 | 4885 c074 | 208b 88cc | 0000 0083 | c102 8988 | cc00 0000 | 2388 e000 | 0000 0f84 
  0x0000021a4545cc40: cb09 0000 | e9cf 0000 | 0048 8b43 | 1848 85c0 | 0f85 b000 | 0000 e805 | 0000 00e9 | 9900 0000 
  0x0000021a4545cc60: 488b d348 | 8d44 2408 | 4c89 6dc0 | 498b cfc5 | f877 4989 | afb0 0300 | 0049 8987 | a003 0000 
  0x0000021a4545cc80: 4883 ec20 | 40f6 c40f | 0f84 1900 | 0000 4883 | ec08 48b8 | 800f 02fd | fc7f 0000 | ffd0 4883 
  0x0000021a4545cca0: c408 e90c | 0000 0048 | b880 0f02 | fdfc 7f00 | 00ff d048 | 83c4 2049 | c787 a003 | 0000 0000 
  0x0000021a4545ccc0: 0000 49c7 | 87b0 0300 | 0000 0000 | 0049 c787 | a803 0000 | 0000 0000 | c5f8 7749 | 837f 0800 
  0x0000021a4545cce0: 0f84 0500 | 0000 e915 | 42ff ff4c | 8b6d c04c | 8b75 c84e | 8d74 f500 | c348 8b43 | 1848 85c0 
  0x0000021a4545cd00: 0f84 1200 | 0000 8b48 | 0883 c102 | 8948 0823 | 481c 0f84 | f708 0000 | 493b a7f0 | 0400 000f 
  0x0000021a4545cd20: 8748 0000 | 0089 8424 | 00f0 ffff | 8984 2400 | e0ff ff89 | 8424 00d0 | ffff 8984 | 2400 c0ff 
  0x0000021a4545cd40: ff89 8424 | 00b0 ffff | 8984 2400 | a0ff ff89 | 8424 0090 | ffff 8984 | 2400 80ff | ff49 3ba7 
  0x0000021a4545cd60: e804 0000 | 7607 4989 | a7f0 0400 | 0041 c687 | 8104 0000 | 0049 ba4c | 848f fdfc | 7f00 0041 
  0x0000021a4545cd80: 803a 000f | 843e 0000 | 0048 8b55 | e849 8bcf | 4883 ec20 | 40f6 c40f | 0f84 1900 | 0000 4883 
  0x0000021a4545cda0: ec08 48b8 | 5046 39fd | fc7f 0000 | ffd0 4883 | c408 e90c | 0000 0048 | b850 4639 | fdfc 7f00 
  0x0000021a4545cdc0: 00ff d048 | 83c4 2048 | 8b5d e84c | 8b5b 0845 | 0fb7 5b2e | 41c1 e303 | 492b e348 | 83ec 2048 
  0x0000021a4545cde0: 83e4 f04c | 8b5b 604d | 85db 0f85 | ab00 0000 | e805 0000 | 00e9 9900 | 0000 488b | d348 8d44 
  0x0000021a4545ce00: 2408 4c89 | 6dc0 498b | cfc5 f877 | 4989 afb0 | 0300 0049 | 8987 a003 | 0000 4883 | ec20 40f6 
  0x0000021a4545ce20: c40f 0f84 | 1900 0000 | 4883 ec08 | 48b8 a036 | 02fd fc7f | 0000 ffd0 | 4883 c408 | e90c 0000 
  0x0000021a4545ce40: 0048 b8a0 | 3602 fdfc | 7f00 00ff | d048 83c4 | 2049 c787 | a003 0000 | 0000 0000 | 49c7 87b0 
  0x0000021a4545ce60: 0300 0000 | 0000 0049 | c787 a803 | 0000 0000 | 0000 c5f8 | 7749 837f | 0800 0f84 | 0500 0000 
  0x0000021a4545ce80: e97b 40ff | ff4c 8b6d | c04c 8b75 | c84e 8d74 | f500 c348 | 8b5d e84c | 8b5b 6041 | ffd3 488b 
  0x0000021a4545cea0: 5de8 4889 | 4518 448b | 5b28 41f6 | c308 0f84 | 1b00 0000 | 4c8b 5b08 | 4d8b 5b08 | 4d8b 5b18 
  0x0000021a4545cec0: 4d8b 5b70 | 4d8b 1b4c | 895d 1048 | 8d55 1048 | 8b43 5849 | ba40 9c39 | fdfc 7f00 | 0049 3bc2 
  0x0000021a4545cee0: 0f85 ab00 | 0000 e805 | 0000 00e9 | 9900 0000 | 488b d348 | 8d44 2408 | 4c89 6dc0 | 498b cfc5 
  0x0000021a4545cf00: f877 4989 | afb0 0300 | 0049 8987 | a003 0000 | 4883 ec20 | 40f6 c40f | 0f84 1900 | 0000 4883 
  0x0000021a4545cf20: ec08 48b8 | a036 02fd | fc7f 0000 | ffd0 4883 | c408 e90c | 0000 0048 | b8a0 3602 | fdfc 7f00 
  0x0000021a4545cf40: 00ff d048 | 83c4 2049 | c787 a003 | 0000 0000 | 0000 49c7 | 87b0 0300 | 0000 0000 | 0049 c787 
  0x0000021a4545cf60: a803 0000 | 0000 0000 | c5f8 7749 | 837f 0800 | 0f84 0500 | 0000 e985 | 3fff ff4c | 8b6d c04c 
  0x0000021a4545cf80: 8b75 c84e | 8d74 f500 | c348 8b5d | e848 8b43 | 5849 8d8f | c003 0000 | c5f8 7749 | 89af b003 
  0x0000021a4545cfa0: 0000 49ba | 98cf 4545 | 1a02 0000 | 4d89 97a8 | 0300 0049 | 89a7 a003 | 0000 41c7 | 8754 0400 
  0x0000021a4545cfc0: 0004 0000 | 00ff d0c5 | f877 4883 | ec10 c5fb | 1104 2448 | 83ec 1048 | 8904 2448 | c744 2408 
  0x0000021a4545cfe0: 0000 0000 | 41c7 8754 | 0400 0005 | 0000 00f0 | 8344 24c0 | 0049 3baf | 5804 0000 | 0f87 0e00 
  0x0000021a4545d000: 0000 4183 | bf50 0400 | 0000 0f84 | 2000 0000 | 498b cf4c | 8be4 4883 | ec20 4883 | e4f0 48b8 
  0x0000021a4545d020: d08b 03fd | fc7f 0000 | ffd0 498b | e44d 33e4 | 41c7 8754 | 0400 0008 | 0000 0049 | c787 a003 
  0x0000021a4545d040: 0000 0000 | 0000 49c7 | 87b0 0300 | 0000 0000 | 0049 c787 | a803 0000 | 0000 0000 | c5f8 774d 
  0x0000021a4545d060: 8b9f 3004 | 0000 41c7 | 8300 0100 | 0000 0000 | 0049 bb1a | a545 451a | 0200 004c | 3b5d 180f 
  0x0000021a4545d080: 8524 0200 | 0048 8b04 | 2448 83c4 | 1048 85c0 | 0f84 fe01 | 0000 a803 | 0f85 0800 | 0000 488b 
  0x0000021a4545d0a0: 00e9 ee01 | 0000 a801 | 0f85 0900 | 0000 488b | 40fe e9dd | 0100 0048 | 8b40 ff41 | 807f 3800 
  0x0000021a4545d0c0: 0f84 ce01 | 0000 4883 | f800 0f84 | c401 0000 | 4d8b 5f28 | 4983 fb00 | 0f84 1400 | 0000 4983 
  0x0000021a4545d0e0: eb08 4d89 | 5f28 4d03 | 5f30 4989 | 03e9 a201 | 0000 4881 | ecd0 0000 | 0048 8904 | 2448 894c 
  0x0000021a4545d100: 2408 4889 | 5424 1048 | 8974 2418 | 4889 7c24 | 204c 8944 | 2428 4c89 | 4c24 304c | 8954 2438 
  0x0000021a4545d120: 4c89 5c24 | 40c5 fb11 | 4424 50c5 | fb11 4c24 | 58c5 fb11 | 5424 60c5 | fb11 5c24 | 68c5 fb11 
  0x0000021a4545d140: 6424 70c5 | fb11 6c24 | 78c5 fb11 | b424 8000 | 0000 c5fb | 11bc 2488 | 0000 00c5 | 7b11 8424 
  0x0000021a4545d160: 9000 0000 | c57b 118c | 2498 0000 | 00c5 7b11 | 9424 a000 | 0000 c57b | 119c 24a8 | 0000 00c5 
  0x0000021a4545d180: 7b11 a424 | b000 0000 | c57b 11ac | 24b8 0000 | 00c5 7b11 | b424 c000 | 0000 c57b | 11bc 24c8 
  0x0000021a4545d1a0: 0000 0049 | 8bd7 488b | c848 83ec | 2040 f6c4 | 0f0f 8419 | 0000 0048 | 83ec 0848 | b800 b6f6 
  0x0000021a4545d1c0: fcfc 7f00 | 00ff d048 | 83c4 08e9 | 0c00 0000 | 48b8 00b6 | f6fc fc7f | 0000 ffd0 | 4883 c420 
  0x0000021a4545d1e0: c57b 10bc | 24c8 0000 | 00c5 7b10 | b424 c000 | 0000 c57b | 10ac 24b8 | 0000 00c5 | 7b10 a424 
  0x0000021a4545d200: b000 0000 | c57b 109c | 24a8 0000 | 00c5 7b10 | 9424 a000 | 0000 c57b | 108c 2498 | 0000 00c5 
  0x0000021a4545d220: 7b10 8424 | 9000 0000 | c5fb 10bc | 2488 0000 | 00c5 fb10 | b424 8000 | 0000 c5fb | 106c 2478 
  0x0000021a4545d240: c5fb 1064 | 2470 c5fb | 105c 2468 | c5fb 1054 | 2460 c5fb | 104c 2458 | c5fb 1044 | 2450 4c8b 
  0x0000021a4545d260: 5c24 404c | 8b54 2438 | 4c8b 4c24 | 304c 8b44 | 2428 488b | 7c24 2048 | 8b74 2418 | 488b 5424 
  0x0000021a4545d280: 1048 8b4c | 2408 488b | 0424 4881 | c4d0 0000 | 00c5 f877 | 4889 4510 | 4883 ec10 | 4889 0424 
  0x0000021a4545d2a0: 48c7 4424 | 0800 0000 | 0041 83bf | d004 0000 | 020f 85bf | 0000 0048 | 81ec 8000 | 0000 4889 
  0x0000021a4545d2c0: 4424 7848 | 894c 2470 | 4889 5424 | 6848 895c | 2460 4889 | 6c24 5048 | 8974 2448 | 4889 7c24 
  0x0000021a4545d2e0: 404c 8944 | 2438 4c89 | 4c24 304c | 8954 2428 | 4c89 5c24 | 204c 8964 | 2418 4c89 | 6c24 104c 
  0x0000021a4545d300: 8974 2408 | 4c89 3c24 | 4c8b e448 | 83ec 2048 | 83e4 f048 | b890 7e39 | fdfc 7f00 | 00ff d049 
  0x0000021a4545d320: 8be4 4c8b | 3c24 4c8b | 7424 084c | 8b6c 2410 | 4c8b 6424 | 184c 8b5c | 2420 4c8b | 5424 284c 
  0x0000021a4545d340: 8b4c 2430 | 4c8b 4424 | 3848 8b7c | 2440 488b | 7424 4848 | 8b6c 2450 | 488b 5c24 | 6048 8b54 
  0x0000021a4545d360: 2468 488b | 4c24 7048 | 8b44 2478 | 4881 c480 | 0000 004d | 33e4 488b | 5de8 4c8b | 6b08 4d8d 
  0x0000021a4545d380: 6d38 4983 | 7f08 000f | 84bb 0000 | 00e8 0500 | 0000 e996 | 0000 0048 | 8d44 2408 | 4c89 6dc0 
  0x0000021a4545d3a0: 498b cfc5 | f877 4989 | afb0 0300 | 0049 8987 | a003 0000 | 4883 ec20 | 40f6 c40f | 0f84 1900 
  0x0000021a4545d3c0: 0000 4883 | ec08 48b8 | f054 02fd | fc7f 0000 | ffd0 4883 | c408 e90c | 0000 0048 | b8f0 5402 
  0x0000021a4545d3e0: fdfc 7f00 | 00ff d048 | 83c4 2049 | c787 a003 | 0000 0000 | 0000 49c7 | 87b0 0300 | 0000 0000 
  0x0000021a4545d400: 0049 c787 | a803 0000 | 0000 0000 | c5f8 7749 | 837f 0800 | 0f84 0500 | 0000 e9e1 | 3aff ff4c 
  0x0000021a4545d420: 8b6d c04c | 8b75 c84e | 8d74 f500 | c348 b978 | b165 fdfc | 7f00 0048 | 83e4 f048 | b8a0 fe27 
  0x0000021a4545d440: fdfc 7f00 | 00ff d0f4 | 448b 5b28 | 41f6 c320 | 0f84 4401 | 0000 488d | 55a8 4c8b | 5a08 4d85 
  0x0000021a4545d460: db0f 85bb | 0000 00e8 | 0500 0000 | e996 0000 | 0048 8d44 | 2408 4c89 | 6dc0 498b | cfc5 f877 
  0x0000021a4545d480: 4989 afb0 | 0300 0049 | 8987 a003 | 0000 4883 | ec20 40f6 | c40f 0f84 | 1900 0000 | 4883 ec08 
  0x0000021a4545d4a0: 48b8 2054 | 02fd fc7f | 0000 ffd0 | 4883 c408 | e90c 0000 | 0048 b820 | 5402 fdfc | 7f00 00ff 
  0x0000021a4545d4c0: d048 83c4 | 2049 c787 | a003 0000 | 0000 0000 | 49c7 87b0 | 0300 0000 | 0000 0049 | c787 a803 
  0x0000021a4545d4e0: 0000 0000 | 0000 c5f8 | 7749 837f | 0800 0f84 | 0500 0000 | e907 3aff | ff4c 8b6d | c04c 8b75 
  0x0000021a4545d500: c84e 8d74 | f500 c348 | b978 b165 | fdfc 7f00 | 0048 83e4 | f048 b8a0 | fe27 fdfc | 7f00 00ff 
  0x0000021a4545d520: d0f4 4c89 | 6dc0 488d | 024c 8b4a | 0848 c742 | 0800 0000 | 004c 8b00 | 4d85 c00f | 840b 0000 
  0x0000021a4545d540: 00f0 4d0f | b101 0f85 | 0c00 0000 | 49ff 8f58 | 0500 00e9 | 3e00 0000 | 4c89 4a08 | 488b ca48 
  0x0000021a4545d560: 83ec 2040 | f6c4 0f0f | 8419 0000 | 0048 83ec | 0848 b8a0 | 2602 fdfc | 7f00 00ff | d048 83c4 
  0x0000021a4545d580: 08e9 0c00 | 0000 48b8 | a026 02fd | fc7f 0000 | ffd0 4883 | c420 4c8b | 6dc0 49ba | 4c84 8ffd 
  0x0000021a4545d5a0: fc7f 0000 | 4180 3a00 | 0f84 3e00 | 0000 488b | 55e8 498b | cf48 83ec | 2040 f6c4 | 0f0f 8419 
  0x0000021a4545d5c0: 0000 0048 | 83ec 0848 | b850 4639 | fdfc 7f00 | 00ff d048 | 83c4 08e9 | 0c00 0000 | 48b8 5046 
  0x0000021a4545d5e0: 39fd fc7f | 0000 ffd0 | 4883 c420 | 488b 0424 | 4883 c410 | c5fb 1004 | 2448 83c4 | 104c 8b5d 
  0x0000021a4545d600: 1841 ffd3 | 4c8b 5df8 | c95f 498b | e3ff e7ba | 0000 0000 | e805 0000 | 00e9 9600 | 0000 488d 
  0x0000021a4545d620: 4424 084c | 896d c049 | 8bcf c5f8 | 7749 89af | b003 0000 | 4989 87a0 | 0300 0048 | 83ec 2040 
  0x0000021a4545d640: f6c4 0f0f | 8419 0000 | 0048 83ec | 0848 b860 | 1a02 fdfc | 7f00 00ff | d048 83c4 | 08e9 0c00 
  0x0000021a4545d660: 0000 48b8 | 601a 02fd | fc7f 0000 | ffd0 4883 | c420 49c7 | 87a0 0300 | 0000 0000 | 0049 c787 
  0x0000021a4545d680: b003 0000 | 0000 0000 | 49c7 87a8 | 0300 0000 | 0000 00c5 | f877 4983 | 7f08 000f | 8405 0000 
  0x0000021a4545d6a0: 00e9 5a38 | ffff 4c8b | 6dc0 4c8b | 75c8 4e8d | 74f5 00c3 | 488b 5de8 | e95b f6ff | ff66 6690 
[/MachCode]

---------------  P R O C E S S  ---------------

Threads class SMR info:
_java_thread_list=0x0000021a9dc00bc0, length=17, elements={
0x0000021a51a528f0, 0x0000021a51a54170, 0x0000021a51a5c3a0, 0x0000021a51a5d840,
0x0000021a51a5ded0, 0x0000021a51a60630, 0x0000021a51a6e130, 0x0000021a51a76ad0,
0x0000021a51a5e560, 0x0000021a51a5f910, 0x0000021a51a5ffa0, 0x0000021a51a5ebf0,
0x0000021a51a5d1b0, 0x0000021a51a5f280, 0x0000021a51ef09b0, 0x0000021a51ef0320,
0x0000021a51ef23f0
}

Java Threads: ( => current thread )
  0x0000021a51a528f0 JavaThread "Reference Handler"          daemon [_thread_blocked, id=7436, stack(0x000000a64e400000,0x000000a64e500000) (1024K)]
  0x0000021a51a54170 JavaThread "Finalizer"                  daemon [_thread_blocked, id=16040, stack(0x000000a64e500000,0x000000a64e600000) (1024K)]
  0x0000021a51a5c3a0 JavaThread "Signal Dispatcher"          daemon [_thread_blocked, id=27752, stack(0x000000a64e600000,0x000000a64e700000) (1024K)]
  0x0000021a51a5d840 JavaThread "Attach Listener"            daemon [_thread_blocked, id=5720, stack(0x000000a64e700000,0x000000a64e800000) (1024K)]
  0x0000021a51a5ded0 JavaThread "Service Thread"             daemon [_thread_blocked, id=11284, stack(0x000000a64e800000,0x000000a64e900000) (1024K)]
  0x0000021a51a60630 JavaThread "Monitor Deflation Thread"   daemon [_thread_blocked, id=12740, stack(0x000000a64e900000,0x000000a64ea00000) (1024K)]
  0x0000021a51a6e130 JavaThread "C2 CompilerThread0"         daemon [_thread_blocked, id=28348, stack(0x000000a64ea00000,0x000000a64eb00000) (1024K)]
  0x0000021a51a76ad0 JavaThread "C1 CompilerThread0"         daemon [_thread_blocked, id=16356, stack(0x000000a64eb00000,0x000000a64ec00000) (1024K)]
  0x0000021a51a5e560 JavaThread "Common-Cleaner"             daemon [_thread_blocked, id=29912, stack(0x000000a64ec00000,0x000000a64ed00000) (1024K)]
  0x0000021a51a5f910 JavaThread "Notification Thread"        daemon [_thread_blocked, id=25508, stack(0x000000a64ed00000,0x000000a64ee00000) (1024K)]
  0x0000021a51a5ffa0 JavaThread "Java2D Disposer"            daemon [_thread_blocked, id=29412, stack(0x000000a64ee00000,0x000000a64ef00000) (1024K)]
  0x0000021a51a5ebf0 JavaThread "AWT-Shutdown"                      [_thread_blocked, id=30068, stack(0x000000a64ef00000,0x000000a64f000000) (1024K)]
=>0x0000021a51a5d1b0 JavaThread "AWT-Windows"                daemon [_thread_in_native, id=9756, stack(0x000000a64f000000,0x000000a64f100000) (1024K)]
  0x0000021a51a5f280 JavaThread "AWT-EventQueue-0"                  [_thread_in_native, id=20896, stack(0x000000a64f100000,0x000000a64f200000) (1024K)]
  0x0000021a51ef09b0 JavaThread "DestroyJavaVM"                     [_thread_blocked, id=8380, stack(0x000000a64dc00000,0x000000a64dd00000) (1024K)]
  0x0000021a51ef0320 JavaThread "D3D Screen Updater"         daemon [_thread_blocked, id=30380, stack(0x000000a64fb00000,0x000000a64fc00000) (1024K)]
  0x0000021a51ef23f0 JavaThread "TimerQueue"                 daemon [_thread_blocked, id=26796, stack(0x000000a64fd00000,0x000000a64fe00000) (1024K)]
Total: 17

Other Threads:
  0x0000021a51a35c20 VMThread "VM Thread"                           [id=28376, stack(0x000000a64e300000,0x000000a64e400000) (1024K)]
  0x0000021a51a1b600 WatcherThread "VM Periodic Task Thread"        [id=25712, stack(0x000000a64e200000,0x000000a64e300000) (1024K)]
  0x0000021a359d32f0 WorkerThread "GC Thread#0"                     [id=26604, stack(0x000000a64dd00000,0x000000a64de00000) (1024K)]
  0x0000021a9c584110 WorkerThread "GC Thread#1"                     [id=17768, stack(0x000000a64d900000,0x000000a64da00000) (1024K)]
  0x0000021a9c5844c0 WorkerThread "GC Thread#2"                     [id=30028, stack(0x000000a64da00000,0x000000a64db00000) (1024K)]
  0x0000021a9c584870 WorkerThread "GC Thread#3"                     [id=23556, stack(0x000000a64db00000,0x000000a64dc00000) (1024K)]
  0x0000021a9c68c2f0 WorkerThread "GC Thread#4"                     [id=8868, stack(0x000000a64fa00000,0x000000a64fb00000) (1024K)]
  0x0000021a9c68c6a0 WorkerThread "GC Thread#5"                     [id=9160, stack(0x000000a650000000,0x000000a650100000) (1024K)]
  0x0000021a51c4c620 WorkerThread "GC Thread#6"                     [id=31464, stack(0x000000a650100000,0x000000a650200000) (1024K)]
  0x0000021a9c2b8c70 WorkerThread "GC Thread#7"                     [id=25552, stack(0x000000a650200000,0x000000a650300000) (1024K)]
  0x0000021a359e1080 ConcurrentGCThread "G1 Main Marker"            [id=22868, stack(0x000000a64de00000,0x000000a64df00000) (1024K)]
  0x0000021a359e1b90 WorkerThread "G1 Conc#0"                       [id=31700, stack(0x000000a64df00000,0x000000a64e000000) (1024K)]
  0x0000021a35a4eb30 ConcurrentGCThread "G1 Refine#0"               [id=8948, stack(0x000000a64e000000,0x000000a64e100000) (1024K)]
  0x0000021a518f06c0 ConcurrentGCThread "G1 Service"                [id=21568, stack(0x000000a64e100000,0x000000a64e200000) (1024K)]
Total: 14

Threads with active compile tasks:
Total: 0

VM state: not at safepoint (normal execution)

VM Mutex/Monitor currently owned by a thread: None

Heap address: 0x00000000a0c00000, size: 1524 MB, Compressed Oops mode: 32-bit

CDS archive(s) mapped at: [0x0000021a52000000-0x0000021a52c60000-0x0000021a52c60000), size 12976128, SharedBaseAddress: 0x0000021a52000000, ArchiveRelocationMode: 1.
Compressed class space mapped at: 0x0000021a53000000-0x0000021a93000000, reserved size: 1073741824
Narrow klass base: 0x0000021a52000000, Narrow klass shift: 0, Narrow klass range: 0x41000000

GC Precious Log:
 CardTable entry size: 512
 Card Set container configuration: InlinePtr #cards 5 size 8 Array Of Cards #cards 12 size 40 Howl #buckets 4 coarsen threshold 1843 Howl Bitmap #cards 512 size 80 coarsen threshold 460 Card regions per heap region 1 cards per card region 2048
 CPUs: 8 total, 8 available
 Memory: 6091M
 Large Page Support: Disabled
 NUMA Support: Disabled
 Compressed Oops: Enabled (32-bit)
 Heap Region Size: 1M
 Heap Min Capacity: 8M
 Heap Initial Capacity: 96M
 Heap Max Capacity: 1524M
 Pre-touch: Disabled
 Parallel Workers: 8
 Concurrent Workers: 2
 Concurrent Refinement Workers: 8
 Periodic GC: Disabled

Heap:
 garbage-first heap   total reserved 1560576K, committed 98304K, used 36210K [0x00000000a0c00000, 0x0000000100000000)
  region size 1024K, 19 young (19456K), 3 survivors (3072K)
 Metaspace       used 13559K, committed 13824K, reserved 1114112K
  class space    used 1536K, committed 1664K, reserved 1048576K

Heap Regions: E=young(eden), S=young(survivor), O=old, HS=humongous(starts), HC=humongous(continues), CS=collection set, F=free, TAMS=top-at-mark-start, PB=parsable bottom
|   0|0x00000000a0c00000, 0x00000000a0d00000, 0x00000000a0d00000|100%| O|  |TAMS 0x00000000a0c00000| PB 0x00000000a0c00000| Untracked |  0
|   1|0x00000000a0d00000, 0x00000000a0d5ca60, 0x00000000a0e00000| 36%| O|  |TAMS 0x00000000a0d00000| PB 0x00000000a0d00000| Untracked |  0
|   2|0x00000000a0e00000, 0x00000000a0f00000, 0x00000000a0f00000|100%|HS|  |TAMS 0x00000000a0e00000| PB 0x00000000a0e00000| Complete |  0
|   3|0x00000000a0f00000, 0x00000000a1000000, 0x00000000a1000000|100%|HC|  |TAMS 0x00000000a0f00000| PB 0x00000000a0f00000| Complete |  0
|   4|0x00000000a1000000, 0x00000000a1100000, 0x00000000a1100000|100%|HC|  |TAMS 0x00000000a1000000| PB 0x00000000a1000000| Complete |  0
|   5|0x00000000a1100000, 0x00000000a1200000, 0x00000000a1200000|100%|HS|  |TAMS 0x00000000a1100000| PB 0x00000000a1100000| Complete |  0
|   6|0x00000000a1200000, 0x00000000a1300000, 0x00000000a1300000|100%|HC|  |TAMS 0x00000000a1200000| PB 0x00000000a1200000| Complete |  0
|   7|0x00000000a1300000, 0x00000000a1400000, 0x00000000a1400000|100%|HS|  |TAMS 0x00000000a1300000| PB 0x00000000a1300000| Complete |  0
|   8|0x00000000a1400000, 0x00000000a1500000, 0x00000000a1500000|100%|HC|  |TAMS 0x00000000a1400000| PB 0x00000000a1400000| Complete |  0
|   9|0x00000000a1500000, 0x00000000a1600000, 0x00000000a1600000|100%|HS|  |TAMS 0x00000000a1500000| PB 0x00000000a1500000| Complete |  0
|  10|0x00000000a1600000, 0x00000000a1700000, 0x00000000a1700000|100%|HC|  |TAMS 0x00000000a1600000| PB 0x00000000a1600000| Complete |  0
|  11|0x00000000a1700000, 0x00000000a1800000, 0x00000000a1800000|100%|HC|  |TAMS 0x00000000a1700000| PB 0x00000000a1700000| Complete |  0
|  12|0x00000000a1800000, 0x00000000a1900000, 0x00000000a1900000|100%|HS|  |TAMS 0x00000000a1800000| PB 0x00000000a1800000| Complete |  0
|  13|0x00000000a1900000, 0x00000000a1a00000, 0x00000000a1a00000|100%|HC|  |TAMS 0x00000000a1900000| PB 0x00000000a1900000| Complete |  0
|  14|0x00000000a1a00000, 0x00000000a1b00000, 0x00000000a1b00000|100%|HC|  |TAMS 0x00000000a1a00000| PB 0x00000000a1a00000| Complete |  0
|  15|0x00000000a1b00000, 0x00000000a1c00000, 0x00000000a1c00000|100%|HS|  |TAMS 0x00000000a1b00000| PB 0x00000000a1b00000| Complete |  0
|  16|0x00000000a1c00000, 0x00000000a1d00000, 0x00000000a1d00000|100%|HC|  |TAMS 0x00000000a1c00000| PB 0x00000000a1c00000| Complete |  0
|  17|0x00000000a1d00000, 0x00000000a1e00000, 0x00000000a1e00000|100%|HC|  |TAMS 0x00000000a1d00000| PB 0x00000000a1d00000| Complete |  0
|  18|0x00000000a1e00000, 0x00000000a1e00000, 0x00000000a1f00000|  0%| F|  |TAMS 0x00000000a1e00000| PB 0x00000000a1e00000| Untracked |  0
|  19|0x00000000a1f00000, 0x00000000a1f00000, 0x00000000a2000000|  0%| F|  |TAMS 0x00000000a1f00000| PB 0x00000000a1f00000| Untracked |  0
|  20|0x00000000a2000000, 0x00000000a2000000, 0x00000000a2100000|  0%| F|  |TAMS 0x00000000a2000000| PB 0x00000000a2000000| Untracked |  0
|  21|0x00000000a2100000, 0x00000000a2100000, 0x00000000a2200000|  0%| F|  |TAMS 0x00000000a2100000| PB 0x00000000a2100000| Untracked |  0
|  22|0x00000000a2200000, 0x00000000a2200000, 0x00000000a2300000|  0%| F|  |TAMS 0x00000000a2200000| PB 0x00000000a2200000| Untracked |  0
|  23|0x00000000a2300000, 0x00000000a2300000, 0x00000000a2400000|  0%| F|  |TAMS 0x00000000a2300000| PB 0x00000000a2300000| Untracked |  0
|  24|0x00000000a2400000, 0x00000000a2400000, 0x00000000a2500000|  0%| F|  |TAMS 0x00000000a2400000| PB 0x00000000a2400000| Untracked |  0
|  25|0x00000000a2500000, 0x00000000a2500000, 0x00000000a2600000|  0%| F|  |TAMS 0x00000000a2500000| PB 0x00000000a2500000| Untracked |  0
|  26|0x00000000a2600000, 0x00000000a2600000, 0x00000000a2700000|  0%| F|  |TAMS 0x00000000a2600000| PB 0x00000000a2600000| Untracked |  0
|  27|0x00000000a2700000, 0x00000000a2700000, 0x00000000a2800000|  0%| F|  |TAMS 0x00000000a2700000| PB 0x00000000a2700000| Untracked |  0
|  28|0x00000000a2800000, 0x00000000a2800000, 0x00000000a2900000|  0%| F|  |TAMS 0x00000000a2800000| PB 0x00000000a2800000| Untracked |  0
|  29|0x00000000a2900000, 0x00000000a2900000, 0x00000000a2a00000|  0%| F|  |TAMS 0x00000000a2900000| PB 0x00000000a2900000| Untracked |  0
|  30|0x00000000a2a00000, 0x00000000a2a00000, 0x00000000a2b00000|  0%| F|  |TAMS 0x00000000a2a00000| PB 0x00000000a2a00000| Untracked |  0
|  31|0x00000000a2b00000, 0x00000000a2b00000, 0x00000000a2c00000|  0%| F|  |TAMS 0x00000000a2b00000| PB 0x00000000a2b00000| Untracked |  0
|  32|0x00000000a2c00000, 0x00000000a2c00000, 0x00000000a2d00000|  0%| F|  |TAMS 0x00000000a2c00000| PB 0x00000000a2c00000| Untracked |  0
|  33|0x00000000a2d00000, 0x00000000a2d00000, 0x00000000a2e00000|  0%| F|  |TAMS 0x00000000a2d00000| PB 0x00000000a2d00000| Untracked |  0
|  34|0x00000000a2e00000, 0x00000000a2e00000, 0x00000000a2f00000|  0%| F|  |TAMS 0x00000000a2e00000| PB 0x00000000a2e00000| Untracked |  0
|  35|0x00000000a2f00000, 0x00000000a2f00000, 0x00000000a3000000|  0%| F|  |TAMS 0x00000000a2f00000| PB 0x00000000a2f00000| Untracked |  0
|  36|0x00000000a3000000, 0x00000000a3000000, 0x00000000a3100000|  0%| F|  |TAMS 0x00000000a3000000| PB 0x00000000a3000000| Untracked |  0
|  37|0x00000000a3100000, 0x00000000a3100000, 0x00000000a3200000|  0%| F|  |TAMS 0x00000000a3100000| PB 0x00000000a3100000| Untracked |  0
|  38|0x00000000a3200000, 0x00000000a3200000, 0x00000000a3300000|  0%| F|  |TAMS 0x00000000a3200000| PB 0x00000000a3200000| Untracked |  0
|  39|0x00000000a3300000, 0x00000000a3300000, 0x00000000a3400000|  0%| F|  |TAMS 0x00000000a3300000| PB 0x00000000a3300000| Untracked |  0
|  40|0x00000000a3400000, 0x00000000a3400000, 0x00000000a3500000|  0%| F|  |TAMS 0x00000000a3400000| PB 0x00000000a3400000| Untracked |  0
|  41|0x00000000a3500000, 0x00000000a3500000, 0x00000000a3600000|  0%| F|  |TAMS 0x00000000a3500000| PB 0x00000000a3500000| Untracked |  0
|  42|0x00000000a3600000, 0x00000000a3600000, 0x00000000a3700000|  0%| F|  |TAMS 0x00000000a3600000| PB 0x00000000a3600000| Untracked |  0
|  43|0x00000000a3700000, 0x00000000a3700000, 0x00000000a3800000|  0%| F|  |TAMS 0x00000000a3700000| PB 0x00000000a3700000| Untracked |  0
|  44|0x00000000a3800000, 0x00000000a3800000, 0x00000000a3900000|  0%| F|  |TAMS 0x00000000a3800000| PB 0x00000000a3800000| Untracked |  0
|  45|0x00000000a3900000, 0x00000000a3900000, 0x00000000a3a00000|  0%| F|  |TAMS 0x00000000a3900000| PB 0x00000000a3900000| Untracked |  0
|  46|0x00000000a3a00000, 0x00000000a3a00000, 0x00000000a3b00000|  0%| F|  |TAMS 0x00000000a3a00000| PB 0x00000000a3a00000| Untracked |  0
|  47|0x00000000a3b00000, 0x00000000a3b00000, 0x00000000a3c00000|  0%| F|  |TAMS 0x00000000a3b00000| PB 0x00000000a3b00000| Untracked |  0
|  48|0x00000000a3c00000, 0x00000000a3c00000, 0x00000000a3d00000|  0%| F|  |TAMS 0x00000000a3c00000| PB 0x00000000a3c00000| Untracked |  0
|  49|0x00000000a3d00000, 0x00000000a3d00000, 0x00000000a3e00000|  0%| F|  |TAMS 0x00000000a3d00000| PB 0x00000000a3d00000| Untracked |  0
|  50|0x00000000a3e00000, 0x00000000a3e00000, 0x00000000a3f00000|  0%| F|  |TAMS 0x00000000a3e00000| PB 0x00000000a3e00000| Untracked |  0
|  51|0x00000000a3f00000, 0x00000000a3f00000, 0x00000000a4000000|  0%| F|  |TAMS 0x00000000a3f00000| PB 0x00000000a3f00000| Untracked |  0
|  52|0x00000000a4000000, 0x00000000a4000000, 0x00000000a4100000|  0%| F|  |TAMS 0x00000000a4000000| PB 0x00000000a4000000| Untracked |  0
|  53|0x00000000a4100000, 0x00000000a4100000, 0x00000000a4200000|  0%| F|  |TAMS 0x00000000a4100000| PB 0x00000000a4100000| Untracked |  0
|  54|0x00000000a4200000, 0x00000000a4200000, 0x00000000a4300000|  0%| F|  |TAMS 0x00000000a4200000| PB 0x00000000a4200000| Untracked |  0
|  55|0x00000000a4300000, 0x00000000a4300000, 0x00000000a4400000|  0%| F|  |TAMS 0x00000000a4300000| PB 0x00000000a4300000| Untracked |  0
|  56|0x00000000a4400000, 0x00000000a4400000, 0x00000000a4500000|  0%| F|  |TAMS 0x00000000a4400000| PB 0x00000000a4400000| Untracked |  0
|  57|0x00000000a4500000, 0x00000000a4500000, 0x00000000a4600000|  0%| F|  |TAMS 0x00000000a4500000| PB 0x00000000a4500000| Untracked |  0
|  58|0x00000000a4600000, 0x00000000a4600000, 0x00000000a4700000|  0%| F|  |TAMS 0x00000000a4600000| PB 0x00000000a4600000| Untracked |  0
|  59|0x00000000a4700000, 0x00000000a4700000, 0x00000000a4800000|  0%| F|  |TAMS 0x00000000a4700000| PB 0x00000000a4700000| Untracked |  0
|  60|0x00000000a4800000, 0x00000000a4800000, 0x00000000a4900000|  0%| F|  |TAMS 0x00000000a4800000| PB 0x00000000a4800000| Untracked |  0
|  61|0x00000000a4900000, 0x00000000a4900000, 0x00000000a4a00000|  0%| F|  |TAMS 0x00000000a4900000| PB 0x00000000a4900000| Untracked |  0
|  62|0x00000000a4a00000, 0x00000000a4a00000, 0x00000000a4b00000|  0%| F|  |TAMS 0x00000000a4a00000| PB 0x00000000a4a00000| Untracked |  0
|  63|0x00000000a4b00000, 0x00000000a4b00000, 0x00000000a4c00000|  0%| F|  |TAMS 0x00000000a4b00000| PB 0x00000000a4b00000| Untracked |  0
|  64|0x00000000a4c00000, 0x00000000a4c00000, 0x00000000a4d00000|  0%| F|  |TAMS 0x00000000a4c00000| PB 0x00000000a4c00000| Untracked |  0
|  65|0x00000000a4d00000, 0x00000000a4d00000, 0x00000000a4e00000|  0%| F|  |TAMS 0x00000000a4d00000| PB 0x00000000a4d00000| Untracked |  0
|  66|0x00000000a4e00000, 0x00000000a4e00000, 0x00000000a4f00000|  0%| F|  |TAMS 0x00000000a4e00000| PB 0x00000000a4e00000| Untracked |  0
|  67|0x00000000a4f00000, 0x00000000a4f00000, 0x00000000a5000000|  0%| F|  |TAMS 0x00000000a4f00000| PB 0x00000000a4f00000| Untracked |  0
|  68|0x00000000a5000000, 0x00000000a5000000, 0x00000000a5100000|  0%| F|  |TAMS 0x00000000a5000000| PB 0x00000000a5000000| Untracked |  0
|  69|0x00000000a5100000, 0x00000000a5200000, 0x00000000a5200000|100%| S|CS|TAMS 0x00000000a5100000| PB 0x00000000a5100000| Complete |  0
|  70|0x00000000a5200000, 0x00000000a5300000, 0x00000000a5300000|100%| S|CS|TAMS 0x00000000a5200000| PB 0x00000000a5200000| Complete |  0
|  71|0x00000000a5300000, 0x00000000a5400000, 0x00000000a5400000|100%| S|CS|TAMS 0x00000000a5300000| PB 0x00000000a5300000| Complete |  0
|  72|0x00000000a5400000, 0x00000000a5400000, 0x00000000a5500000|  0%| F|  |TAMS 0x00000000a5400000| PB 0x00000000a5400000| Untracked |  0
|  73|0x00000000a5500000, 0x00000000a5500000, 0x00000000a5600000|  0%| F|  |TAMS 0x00000000a5500000| PB 0x00000000a5500000| Untracked |  0
|  74|0x00000000a5600000, 0x00000000a5600000, 0x00000000a5700000|  0%| F|  |TAMS 0x00000000a5600000| PB 0x00000000a5600000| Untracked |  0
|  75|0x00000000a5700000, 0x00000000a5700000, 0x00000000a5800000|  0%| F|  |TAMS 0x00000000a5700000| PB 0x00000000a5700000| Untracked |  0
|  76|0x00000000a5800000, 0x00000000a5800000, 0x00000000a5900000|  0%| F|  |TAMS 0x00000000a5800000| PB 0x00000000a5800000| Untracked |  0
|  77|0x00000000a5900000, 0x00000000a5900000, 0x00000000a5a00000|  0%| F|  |TAMS 0x00000000a5900000| PB 0x00000000a5900000| Untracked |  0
|  78|0x00000000a5a00000, 0x00000000a5a00000, 0x00000000a5b00000|  0%| F|  |TAMS 0x00000000a5a00000| PB 0x00000000a5a00000| Untracked |  0
|  79|0x00000000a5b00000, 0x00000000a5b00000, 0x00000000a5c00000|  0%| F|  |TAMS 0x00000000a5b00000| PB 0x00000000a5b00000| Untracked |  0
|  80|0x00000000a5c00000, 0x00000000a5d00000, 0x00000000a5d00000|100%| E|  |TAMS 0x00000000a5c00000| PB 0x00000000a5c00000| Complete |  0
|  81|0x00000000a5d00000, 0x00000000a5e00000, 0x00000000a5e00000|100%| E|CS|TAMS 0x00000000a5d00000| PB 0x00000000a5d00000| Complete |  0
|  82|0x00000000a5e00000, 0x00000000a5f00000, 0x00000000a5f00000|100%| E|CS|TAMS 0x00000000a5e00000| PB 0x00000000a5e00000| Complete |  0
|  83|0x00000000a5f00000, 0x00000000a6000000, 0x00000000a6000000|100%| E|CS|TAMS 0x00000000a5f00000| PB 0x00000000a5f00000| Complete |  0
|  84|0x00000000a6000000, 0x00000000a6100000, 0x00000000a6100000|100%| E|CS|TAMS 0x00000000a6000000| PB 0x00000000a6000000| Complete |  0
|  85|0x00000000a6100000, 0x00000000a6200000, 0x00000000a6200000|100%| E|CS|TAMS 0x00000000a6100000| PB 0x00000000a6100000| Complete |  0
|  86|0x00000000a6200000, 0x00000000a6300000, 0x00000000a6300000|100%| E|CS|TAMS 0x00000000a6200000| PB 0x00000000a6200000| Complete |  0
|  87|0x00000000a6300000, 0x00000000a6400000, 0x00000000a6400000|100%| E|CS|TAMS 0x00000000a6300000| PB 0x00000000a6300000| Complete |  0
|  88|0x00000000a6400000, 0x00000000a6500000, 0x00000000a6500000|100%| E|CS|TAMS 0x00000000a6400000| PB 0x00000000a6400000| Complete |  0
|  89|0x00000000a6500000, 0x00000000a6600000, 0x00000000a6600000|100%| E|CS|TAMS 0x00000000a6500000| PB 0x00000000a6500000| Complete |  0
|  90|0x00000000a6600000, 0x00000000a6700000, 0x00000000a6700000|100%| E|CS|TAMS 0x00000000a6600000| PB 0x00000000a6600000| Complete |  0
|  91|0x00000000a6700000, 0x00000000a6800000, 0x00000000a6800000|100%| E|CS|TAMS 0x00000000a6700000| PB 0x00000000a6700000| Complete |  0
|  92|0x00000000a6800000, 0x00000000a6900000, 0x00000000a6900000|100%| E|CS|TAMS 0x00000000a6800000| PB 0x00000000a6800000| Complete |  0
|  93|0x00000000a6900000, 0x00000000a6a00000, 0x00000000a6a00000|100%| E|CS|TAMS 0x00000000a6900000| PB 0x00000000a6900000| Complete |  0
|  94|0x00000000a6a00000, 0x00000000a6b00000, 0x00000000a6b00000|100%| E|CS|TAMS 0x00000000a6a00000| PB 0x00000000a6a00000| Complete |  0
|  95|0x00000000a6b00000, 0x00000000a6c00000, 0x00000000a6c00000|100%| E|CS|TAMS 0x00000000a6b00000| PB 0x00000000a6b00000| Complete |  0

Card table byte_map: [0x0000021a4d550000,0x0000021a4d850000] _byte_map_base: 0x0000021a4d04a000

Marking Bits: (CMBitMap*) 0x0000021a359d3a00
 Bits: [0x0000021a4d850000, 0x0000021a4f020000)

Polling page: 0x0000021a336d0000

Metaspace:

Usage:
  Non-class:     11.74 MB used.
      Class:      1.50 MB used.
       Both:     13.24 MB used.

Virtual space:
  Non-class space:       64.00 MB reserved,      11.88 MB ( 19%) committed,  1 nodes.
      Class space:        1.00 GB reserved,       1.62 MB ( <1%) committed,  1 nodes.
             Both:        1.06 GB reserved,      13.50 MB (  1%) committed. 

Chunk freelists:
   Non-Class:  4.07 MB
       Class:  14.22 MB
        Both:  18.29 MB

MaxMetaspaceSize: unlimited
CompressedClassSpaceSize: 1.00 GB
Initial GC threshold: 21.00 MB
Current GC threshold: 21.00 MB
CDS: on
 - commit_granule_bytes: 65536.
 - commit_granule_words: 8192.
 - virtual_space_node_default_size: 8388608.
 - enlarge_chunks_in_place: 1.
 - use_allocation_guard: 0.


Internal statistics:

num_allocs_failed_limit: 0.
num_arena_births: 188.
num_arena_deaths: 0.
num_vsnodes_births: 2.
num_vsnodes_deaths: 0.
num_space_committed: 216.
num_space_uncommitted: 0.
num_chunks_returned_to_freelist: 0.
num_chunks_taken_from_freelist: 253.
num_chunk_merges: 0.
num_chunk_splits: 146.
num_chunks_enlarged: 70.
num_inconsistent_stats: 0.

CodeHeap 'non-profiled nmethods': size=120000Kb used=1448Kb max_used=1448Kb free=118551Kb
 bounds [0x0000021a459f0000, 0x0000021a45c60000, 0x0000021a4cf20000]
CodeHeap 'profiled nmethods': size=120000Kb used=6212Kb max_used=6212Kb free=113787Kb
 bounds [0x0000021a3df20000, 0x0000021a3e540000, 0x0000021a45450000]
CodeHeap 'non-nmethods': size=5760Kb used=1669Kb max_used=1706Kb free=4090Kb
 bounds [0x0000021a45450000, 0x0000021a456c0000, 0x0000021a459f0000]
 total_blobs=4004 nmethods=3297 adapters=610
 compilation: enabled
              stopped_count=0, restarted_count=0
 full_count=0

Compilation events (20 events):
Event: 7932.475 Thread 0x0000021a51a76ad0 3288       3       java.util.concurrent.ConcurrentHashMap::sumCount (60 bytes)
Event: 7932.476 Thread 0x0000021a51a76ad0 nmethod 3288 0x0000021a3e52e510 code [0x0000021a3e52e6c0, 0x0000021a3e52e908]
Event: 7932.515 Thread 0x0000021a51a76ad0 3289       3       java.util.WeakHashMap$HashIterator::nextEntry (81 bytes)
Event: 7932.517 Thread 0x0000021a51a76ad0 nmethod 3289 0x0000021a3e52ea10 code [0x0000021a3e52ec00, 0x0000021a3e52f0b8]
Event: 7932.517 Thread 0x0000021a51a76ad0 3290       3       sun.awt.image.VolatileSurfaceManager::displayChanged (102 bytes)
Event: 7932.521 Thread 0x0000021a51a76ad0 nmethod 3290 0x0000021a3e52f210 code [0x0000021a3e52f440, 0x0000021a3e52fdb0]
Event: 7932.521 Thread 0x0000021a51a76ad0 3291       3       sun.awt.image.SunVolatileImage::updateGraphicsConfig (25 bytes)
Event: 7932.522 Thread 0x0000021a51a76ad0 nmethod 3291 0x0000021a3e530010 code [0x0000021a3e5301c0, 0x0000021a3e530480]
Event: 7932.889 Thread 0x0000021a51a6e130 3292       4       java.awt.Insets::set (22 bytes)
Event: 7932.892 Thread 0x0000021a51a6e130 nmethod 3292 0x0000021a45b57910 code [0x0000021a45b57a80, 0x0000021a45b57b18]
Event: 7932.893 Thread 0x0000021a51a6e130 3293       4       javax.swing.GroupLayout$Spring::setSize (16 bytes)
Event: 7932.895 Thread 0x0000021a51a6e130 nmethod 3293 0x0000021a45b57c10 code [0x0000021a45b57da0, 0x0000021a45b57e58]
Event: 7932.898 Thread 0x0000021a51a6e130 3294       4       sun.swing.SwingUtilities2::getFRCProperty (38 bytes)
Event: 7932.988 Thread 0x0000021a51a6e130 nmethod 3294 0x0000021a45b57f10 code [0x0000021a45b581c0, 0x0000021a45b58ed0]
Event: 7937.698 Thread 0x0000021a51a6e130 3295       4       java.util.ArrayList::toArray (57 bytes)
Event: 7937.714 Thread 0x0000021a51a6e130 nmethod 3295 0x0000021a45b59710 code [0x0000021a45b598c0, 0x0000021a45b59f80]
Event: 9267.580 Thread 0x0000021a51a76ad0 3296       3       java.awt.image.DirectColorModel::getRedMask (7 bytes)
Event: 9267.586 Thread 0x0000021a51a76ad0 nmethod 3296 0x0000021a3e530590 code [0x0000021a3e530720, 0x0000021a3e530858]
Event: 9272.676 Thread 0x0000021a51a76ad0 3297       3       sun.font.FontDesignMetrics$MetricsKey::equals (49 bytes)
Event: 9272.688 Thread 0x0000021a51a76ad0 nmethod 3297 0x0000021a3e530910 code [0x0000021a3e530ae0, 0x0000021a3e531078]

GC Heap History (2 events):
Event: 66.855 GC heap before
{Heap before GC invocations=0 (full 0):
 garbage-first heap   total reserved 1560576K, committed 98304K, used 24576K [0x00000000a0c00000, 0x0000000100000000)
  region size 1024K, 24 young (24576K), 0 survivors (0K)
 Metaspace       used 13215K, committed 13504K, reserved 1114112K
  class space    used 1518K, committed 1664K, reserved 1048576K
}
Event: 66.882 GC heap after
{Heap after GC invocations=1 (full 0):
 garbage-first heap   total reserved 1560576K, committed 98304K, used 4466K [0x00000000a0c00000, 0x0000000100000000)
  region size 1024K, 3 young (3072K), 3 survivors (3072K)
 Metaspace       used 13215K, committed 13504K, reserved 1114112K
  class space    used 1518K, committed 1664K, reserved 1048576K
}

Dll operation events (9 events):
Event: 0.052 Loaded shared library C:\Java\jdk22\bin\java.dll
Event: 0.143 Loaded shared library C:\Java\jdk22\bin\jsvml.dll
Event: 0.220 Loaded shared library C:\Java\jdk22\bin\net.dll
Event: 0.228 Loaded shared library C:\Java\jdk22\bin\nio.dll
Event: 0.345 Loaded shared library C:\Java\jdk22\bin\jimage.dll
Event: 0.393 Loaded shared library C:\Java\jdk22\bin\awt.dll
Event: 1.287 Loaded shared library C:\Java\jdk22\bin\zip.dll
Event: 1.638 Loaded shared library C:\Java\jdk22\bin\freetype.dll
Event: 1.641 Loaded shared library C:\Java\jdk22\bin\fontmanager.dll

Deoptimization events (20 events):
Event: 1724.084 Thread 0x0000021a51a5f280 Uncommon trap: trap_request=0xffffff45 fr.pc=0x0000021a45af95c8 relative=0x0000000000001a08
Event: 1724.084 Thread 0x0000021a51a5f280 Uncommon trap: reason=unstable_if action=reinterpret pc=0x0000021a45af95c8 method=sun.java2d.pipe.BufferedContext.validate(Lsun/java2d/pipe/hw/AccelSurface;Lsun/java2d/pipe/hw/AccelSurface;Lsun/java2d/pipe/Region;Ljava/awt/Composite;Ljava/awt/geom/AffineT
Event: 1724.085 Thread 0x0000021a51a5f280 DEOPT PACKING pc=0x0000021a45af95c8 sp=0x000000a64f1fe880
Event: 1724.085 Thread 0x0000021a51a5f280 DEOPT UNPACKING pc=0x0000021a454a46a2 sp=0x000000a64f1fe800 mode 2
Event: 1724.089 Thread 0x0000021a51a5f280 Uncommon trap: trap_request=0xffffff45 fr.pc=0x0000021a45b1abac relative=0x00000000000003ec
Event: 1724.090 Thread 0x0000021a51a5f280 Uncommon trap: reason=unstable_if action=reinterpret pc=0x0000021a45b1abac method=sun.java2d.SunGraphics2D.untransformShape(Ljava/awt/Shape;)Ljava/awt/Shape; @ 11 c2
Event: 1724.090 Thread 0x0000021a51a5f280 DEOPT PACKING pc=0x0000021a45b1abac sp=0x000000a64f1feca0
Event: 1724.090 Thread 0x0000021a51a5f280 DEOPT UNPACKING pc=0x0000021a454a46a2 sp=0x000000a64f1fec30 mode 2
Event: 1724.090 Thread 0x0000021a51a5f280 Uncommon trap: trap_request=0xffffff45 fr.pc=0x0000021a45b09a88 relative=0x0000000000000128
Event: 1724.090 Thread 0x0000021a51a5f280 Uncommon trap: reason=unstable_if action=reinterpret pc=0x0000021a45b09a88 method=sun.java2d.pipe.Region.clipScale(ID)I @ 3 c2
Event: 1724.090 Thread 0x0000021a51a5f280 DEOPT PACKING pc=0x0000021a45b09a88 sp=0x000000a64f1feab0
Event: 1724.090 Thread 0x0000021a51a5f280 DEOPT UNPACKING pc=0x0000021a454a46a2 sp=0x000000a64f1fea28 mode 2
Event: 1724.095 Thread 0x0000021a51a5f280 Uncommon trap: trap_request=0xffffffc6 fr.pc=0x0000021a45b4c148 relative=0x0000000000000a88
Event: 1724.096 Thread 0x0000021a51a5f280 Uncommon trap: reason=bimorphic_or_optimized_type_check action=maybe_recompile pc=0x0000021a45b4c148 method=sun.java2d.SunGraphics2D.fillRect(IIII)V @ 10 c2
Event: 1724.096 Thread 0x0000021a51a5f280 DEOPT PACKING pc=0x0000021a45b4c148 sp=0x000000a64f1fde60
Event: 1724.096 Thread 0x0000021a51a5f280 DEOPT UNPACKING pc=0x0000021a454a46a2 sp=0x000000a64f1fde28 mode 2
Event: 1724.101 Thread 0x0000021a51a5f280 Uncommon trap: trap_request=0xffffffc6 fr.pc=0x0000021a45b4c148 relative=0x0000000000000a88
Event: 1724.101 Thread 0x0000021a51a5f280 Uncommon trap: reason=bimorphic_or_optimized_type_check action=maybe_recompile pc=0x0000021a45b4c148 method=sun.java2d.SunGraphics2D.fillRect(IIII)V @ 10 c2
Event: 1724.101 Thread 0x0000021a51a5f280 DEOPT PACKING pc=0x0000021a45b4c148 sp=0x000000a64f1fdc40
Event: 1724.102 Thread 0x0000021a51a5f280 DEOPT UNPACKING pc=0x0000021a454a46a2 sp=0x000000a64f1fdc08 mode 2

Classes loaded (20 events):
Event: 95.736 Loading class java/lang/ArrayIndexOutOfBoundsException done
Event: 95.737 Loading class java/lang/InterruptedException
Event: 95.737 Loading class java/lang/InterruptedException done
Event: 95.738 Loading class java/lang/Throwable$WrappedPrintStream
Event: 95.739 Loading class java/lang/Throwable$PrintStreamOrWriter
Event: 95.739 Loading class java/lang/Throwable$PrintStreamOrWriter done
Event: 95.739 Loading class java/lang/Throwable$WrappedPrintStream done
Event: 95.740 Loading class java/lang/StackTraceElement$HashedModules
Event: 95.741 Loading class java/lang/StackTraceElement$HashedModules done
Event: 1723.420 Loading class java/util/WeakHashMap$KeyIterator
Event: 1723.439 Loading class java/util/WeakHashMap$HashIterator
Event: 1723.465 Loading class java/util/WeakHashMap$HashIterator done
Event: 1723.465 Loading class java/util/WeakHashMap$KeyIterator done
Event: 1723.950 Loading class javax/swing/RepaintManager$DisplayChangedRunnable
Event: 1723.956 Loading class javax/swing/RepaintManager$DisplayChangedRunnable done
Event: 1725.396 Loading class java/awt/desktop/SystemSleepListener
Event: 1725.423 Loading class java/awt/desktop/SystemEventListener
Event: 1725.436 Loading class java/awt/desktop/SystemEventListener done
Event: 1725.436 Loading class java/awt/desktop/SystemSleepListener done
Event: 9273.334 Loading class sun/java2d/SurfaceDataProxy$CountdownTracker

Classes unloaded (0 events):
No events

Classes redefined (0 events):
No events

Internal exceptions (20 events):
Event: 1.128 Thread 0x0000021a51a5f280 Exception <a 'java/lang/ClassNotFoundException'{0x00000000a66a57e0}: com/sun/swing/internal/plaf/metal/resources/spi/metalProvider> (0x00000000a66a57e0) 
thrown [s\src\hotspot\share\classfile\systemDictionary.cpp, line 313]
Event: 1.131 Thread 0x0000021a51a5f280 Exception <a 'java/lang/ClassNotFoundException'{0x00000000a66aa488}: com/sun/swing/internal/plaf/basic/resources/spi/basicProvider> (0x00000000a66aa488) 
thrown [s\src\hotspot\share\classfile\systemDictionary.cpp, line 313]
Event: 1.161 Thread 0x0000021a51a5f280 Exception <a 'java/lang/NoSuchMethodError'{0x00000000a66ccb30}: 'int java.lang.invoke.Invokers$Holder.invokeExact_MT(java.lang.Object, java.lang.Object)'> (0x00000000a66ccb30) 
thrown [s\src\hotspot\share\interpreter\linkResolver.cpp, line 774]
Event: 1.408 Thread 0x0000021a51ef16d0 Exception <a 'java/lang/NoSuchMethodError'{0x00000000a6313a60}: 'java.lang.Object java.lang.invoke.DirectMethodHandle$Holder.newInvokeSpecial(java.lang.Object, java.lang.Object, java.lang.Object, int, int, int, int, int)'> (0x00000000a6313a60) 
thrown [s\src\hotspot\share\interpreter\linkResolver.cpp, line 774]
Event: 1.548 Thread 0x0000021a51a5d1b0 Exception <a 'java/lang/NoSuchMethodError'{0x00000000a63faba8}: 'void java.lang.invoke.DirectMethodHandle$Holder.invokeVirtual(java.lang.Object, java.lang.Object)'> (0x00000000a63faba8) 
thrown [s\src\hotspot\share\interpreter\linkResolver.cpp, line 774]
Event: 1.621 Thread 0x0000021a51a5f280 Exception <a 'java/lang/NoSuchMethodError'{0x00000000a6299c38}: 'void java.lang.invoke.DirectMethodHandle$Holder.invokeStaticInit(java.lang.Object)'> (0x00000000a6299c38) 
thrown [s\src\hotspot\share\interpreter\linkResolver.cpp, line 774]
Event: 1.922 Thread 0x0000021a51a5f280 Exception <a 'java/lang/NoSuchMethodError'{0x00000000a6163640}: 'void java.lang.invoke.DirectMethodHandle$Holder.invokeStatic(java.lang.Object, java.lang.Object)'> (0x00000000a6163640) 
thrown [s\src\hotspot\share\interpreter\linkResolver.cpp, line 774]
Event: 14.110 Thread 0x0000021a51a5f280 Exception <a 'java/lang/NoSuchMethodError'{0x00000000a5d92f00}: 'java.lang.Object java.lang.invoke.DirectMethodHandle$Holder.invokeStaticInit(java.lang.Object, int, int, int, int)'> (0x00000000a5d92f00) 
thrown [s\src\hotspot\share\interpreter\linkResolver.cpp, line 774]
Event: 14.156 Thread 0x0000021a51a5f280 Exception <a 'java/lang/NoSuchMethodError'{0x00000000a5de5530}: 'java.lang.Object java.lang.invoke.DirectMethodHandle$Holder.invokeStaticInit(java.lang.Object, java.lang.Object, int, int, int, int)'> (0x00000000a5de5530) 
thrown [s\src\hotspot\share\interpreter\linkResolver.cpp, line 774]
Event: 14.284 Thread 0x0000021a51a5f280 Exception <a 'java/lang/NoSuchMethodError'{0x00000000a5c31738}: 'int java.lang.invoke.DirectMethodHandle$Holder.invokeStatic(java.lang.Object)'> (0x00000000a5c31738) 
thrown [s\src\hotspot\share\interpreter\linkResolver.cpp, line 774]
Event: 32.708 Thread 0x0000021a51a5f280 Exception <a 'java/io/FileNotFoundException'{0x00000000a5aabd28}> (0x00000000a5aabd28) 
thrown [s\src\hotspot\share\prims\jni.cpp, line 520]
Event: 32.720 Thread 0x0000021a51a5f280 Exception <a 'java/io/FileNotFoundException'{0x00000000a5ab4238}> (0x00000000a5ab4238) 
thrown [s\src\hotspot\share\prims\jni.cpp, line 520]
Event: 32.782 Thread 0x0000021a51a5f280 Exception <a 'java/io/FileNotFoundException'{0x00000000a5acfef8}> (0x00000000a5acfef8) 
thrown [s\src\hotspot\share\prims\jni.cpp, line 520]
Event: 33.151 Thread 0x0000021a51a5f280 Exception <a 'java/io/FileNotFoundException'{0x00000000a59a22a8}> (0x00000000a59a22a8) 
thrown [s\src\hotspot\share\prims\jni.cpp, line 520]
Event: 33.154 Thread 0x0000021a51a5f280 Exception <a 'java/io/FileNotFoundException'{0x00000000a59aa588}> (0x00000000a59aa588) 
thrown [s\src\hotspot\share\prims\jni.cpp, line 520]
Event: 33.162 Thread 0x0000021a51a5f280 Exception <a 'java/io/FileNotFoundException'{0x00000000a59c60e0}> (0x00000000a59c60e0) 
thrown [s\src\hotspot\share\prims\jni.cpp, line 520]
Event: 88.126 Thread 0x0000021a51a5f280 Implicit null exception at 0x0000021a45a8eec7 to 0x0000021a45a9087c
Event: 95.737 Thread 0x0000021a51a5f280 Exception <a 'java/lang/ArrayIndexOutOfBoundsException'{0x00000000a62ef8b8}: Index 1 out of bounds for length 1> (0x00000000a62ef8b8) 
thrown [s\src\hotspot\share\interpreter\interpreterRuntime.cpp, line 436]
Event: 105.086 Thread 0x0000021a51a5f280 Exception <a 'java/lang/ArrayIndexOutOfBoundsException'{0x00000000a612ea10}: Index 1 out of bounds for length 1> (0x00000000a612ea10) 
thrown [s\src\hotspot\share\interpreter\interpreterRuntime.cpp, line 436]
Event: 1724.034 Thread 0x0000021a51a5f280 Implicit null exception at 0x0000021a45b0d1fb to 0x0000021a45b0d50f

ZGC Phase Switch (0 events):
No events

VM Operations (20 events):
Event: 1723.791 Executing VM operation: Cleanup
Event: 1723.791 Executing VM operation: Cleanup done
Event: 1724.800 Executing VM operation: Cleanup
Event: 1724.801 Executing VM operation: Cleanup done
Event: 7921.116 Executing VM operation: HandshakeAllThreads (HandshakeForDeflation)
Event: 7921.116 Executing VM operation: HandshakeAllThreads (HandshakeForDeflation) done
Event: 7921.116 Executing VM operation: RendezvousGCThreads
Event: 7921.116 Executing VM operation: RendezvousGCThreads done
Event: 7929.170 Executing VM operation: Cleanup
Event: 7929.170 Executing VM operation: Cleanup done
Event: 7932.198 Executing VM operation: Cleanup
Event: 7932.198 Executing VM operation: Cleanup done
Event: 7933.199 Executing VM operation: Cleanup
Event: 7933.200 Executing VM operation: Cleanup done
Event: 8041.326 Executing VM operation: HandshakeAllThreads (HandshakeForDeflation)
Event: 8041.327 Executing VM operation: HandshakeAllThreads (HandshakeForDeflation) done
Event: 8041.327 Executing VM operation: RendezvousGCThreads
Event: 8041.327 Executing VM operation: RendezvousGCThreads done
Event: 9266.287 Executing VM operation: Cleanup
Event: 9266.364 Executing VM operation: Cleanup done

Memory protections (0 events):
No events

Nmethod flushes (0 events):
No events

Events (20 events):
Event: 0.139 Thread 0x0000021a3370ecc0 Thread added: 0x0000021a51a6e130
Event: 0.139 Thread 0x0000021a3370ecc0 Thread added: 0x0000021a51a76ad0
Event: 0.190 Thread 0x0000021a3370ecc0 Thread added: 0x0000021a51a5e560
Event: 0.282 Thread 0x0000021a3370ecc0 Thread added: 0x0000021a51a5f910
Event: 0.670 Thread 0x0000021a3370ecc0 Thread added: 0x0000021a51a5ffa0
Event: 0.674 Thread 0x0000021a3370ecc0 Thread added: 0x0000021a51a5ebf0
Event: 0.681 Thread 0x0000021a3370ecc0 Thread added: 0x0000021a51a5d1b0
Event: 0.722 Thread 0x0000021a3370ecc0 Thread added: 0x0000021a51a5f280
Event: 0.724 Thread 0x0000021a3370ecc0 Thread exited: 0x0000021a3370ecc0
Event: 0.724 Thread 0x0000021a51ef09b0 Thread added: 0x0000021a51ef09b0
Event: 1.240 Thread 0x0000021a51a5f280 Thread added: 0x0000021a51ef16d0
Event: 2.257 Thread 0x0000021a51a5f280 Thread added: 0x0000021a51ef0320
Event: 5.805 Thread 0x0000021a51a5f280 Thread added: 0x0000021a51ef23f0
Event: 6.908 Thread 0x0000021a51ef16d0 Thread exited: 0x0000021a51ef16d0
Event: 14.198 Thread 0x0000021a51a5f280 Thread added: 0x0000021a51ef2a80
Event: 19.210 Thread 0x0000021a51ef2a80 Thread exited: 0x0000021a51ef2a80
Event: 88.184 Thread 0x0000021a51a76ad0 Thread added: 0x0000021a9dc3de30
Event: 89.239 Thread 0x0000021a9dc3de30 Thread exited: 0x0000021a9dc3de30
Event: 95.745 Thread 0x0000021a51a76ad0 Thread added: 0x0000021a9c82def0
Event: 96.457 Thread 0x0000021a9c82def0 Thread exited: 0x0000021a9c82def0


Dynamic libraries:
0x00007ff720e40000 - 0x00007ff720e4e000 	C:\Java\jdk22\bin\java.exe
0x00007ffd99e20000 - 0x00007ffd9a083000 	C:\WINDOWS\SYSTEM32\ntdll.dll
0x00007ffd99020000 - 0x00007ffd990e7000 	C:\WINDOWS\System32\KERNEL32.DLL
0x00007ffd97540000 - 0x00007ffd978f0000 	C:\WINDOWS\System32\KERNELBASE.dll
0x00007ffd97900000 - 0x00007ffd97a4b000 	C:\WINDOWS\System32\ucrtbase.dll
0x00007ffd7d160000 - 0x00007ffd7d17b000 	C:\Java\jdk22\bin\VCRUNTIME140.dll
0x00007ffd86ba0000 - 0x00007ffd86bb7000 	C:\Java\jdk22\bin\jli.dll
0x00007ffd99680000 - 0x00007ffd99843000 	C:\WINDOWS\System32\USER32.dll
0x00007ffd97510000 - 0x00007ffd97537000 	C:\WINDOWS\System32\win32u.dll
0x00007ffd83de0000 - 0x00007ffd84070000 	C:\WINDOWS\WinSxS\amd64_microsoft.windows.common-controls_6595b64144ccf1df_6.0.26100.1882_none_3e0e949ae32eca40\COMCTL32.dll
0x00007ffd98750000 - 0x00007ffd9877a000 	C:\WINDOWS\System32\GDI32.dll
0x00007ffd991d0000 - 0x00007ffd99279000 	C:\WINDOWS\System32\msvcrt.dll
0x00007ffd97b70000 - 0x00007ffd97c93000 	C:\WINDOWS\System32\gdi32full.dll
0x00007ffd97460000 - 0x00007ffd97503000 	C:\WINDOWS\System32\msvcp_win.dll
0x00007ffd97d50000 - 0x00007ffd97d7f000 	C:\WINDOWS\System32\IMM32.DLL
0x00007ffd86a80000 - 0x00007ffd86a8c000 	C:\Java\jdk22\bin\vcruntime140_1.dll
0x00007ffd26500000 - 0x00007ffd2658e000 	C:\Java\jdk22\bin\msvcp140.dll
0x00007ffcfcc40000 - 0x00007ffcfda03000 	C:\Java\jdk22\bin\server\jvm.dll
0x00007ffd99490000 - 0x00007ffd99544000 	C:\WINDOWS\System32\ADVAPI32.dll
0x00007ffd97ca0000 - 0x00007ffd97d46000 	C:\WINDOWS\System32\sechost.dll
0x00007ffd97e20000 - 0x00007ffd97f36000 	C:\WINDOWS\System32\RPCRT4.dll
0x00007ffd99550000 - 0x00007ffd995c4000 	C:\WINDOWS\System32\WS2_32.dll
0x00007ffd903d0000 - 0x00007ffd90406000 	C:\WINDOWS\SYSTEM32\WINMM.dll
0x00007ffd90410000 - 0x00007ffd9041b000 	C:\WINDOWS\SYSTEM32\VERSION.dll
0x00007ffd970c0000 - 0x00007ffd9710e000 	C:\WINDOWS\SYSTEM32\POWRPROF.dll
0x00007ffd97090000 - 0x00007ffd970a4000 	C:\WINDOWS\SYSTEM32\UMPDC.dll
0x00007ffd96040000 - 0x00007ffd9605a000 	C:\WINDOWS\SYSTEM32\kernel.appcore.dll
0x00007ffd859b0000 - 0x00007ffd859ba000 	C:\Java\jdk22\bin\jimage.dll
0x00007ffd94b20000 - 0x00007ffd94d61000 	C:\WINDOWS\SYSTEM32\DBGHELP.DLL
0x00007ffd989a0000 - 0x00007ffd98d1c000 	C:\WINDOWS\System32\combase.dll
0x00007ffd990f0000 - 0x00007ffd991c6000 	C:\WINDOWS\System32\OLEAUT32.dll
0x00007ffd7ed90000 - 0x00007ffd7edc9000 	C:\WINDOWS\SYSTEM32\dbgcore.DLL
0x00007ffd97a50000 - 0x00007ffd97ae9000 	C:\WINDOWS\System32\bcryptPrimitives.dll
0x00007ffd78b40000 - 0x00007ffd78b5e000 	C:\Java\jdk22\bin\java.dll
0x00007ffd98030000 - 0x00007ffd98728000 	C:\WINDOWS\System32\SHELL32.dll
0x00007ffd98d20000 - 0x00007ffd98eb9000 	C:\WINDOWS\System32\ole32.dll
0x00007ffd94fa0000 - 0x00007ffd957ca000 	C:\WINDOWS\SYSTEM32\windows.storage.dll
0x00007ffd99290000 - 0x00007ffd99363000 	C:\WINDOWS\System32\SHCORE.dll
0x00007ffd97fd0000 - 0x00007ffd9802d000 	C:\WINDOWS\System32\shlwapi.dll
0x00007ffd97140000 - 0x00007ffd97169000 	C:\WINDOWS\SYSTEM32\profapi.dll
0x00007ffd1f840000 - 0x00007ffd1f917000 	C:\Java\jdk22\bin\jsvml.dll
0x00007ffd83da0000 - 0x00007ffd83db0000 	C:\Java\jdk22\bin\net.dll
0x00007ffd96520000 - 0x00007ffd96588000 	C:\WINDOWS\system32\mswsock.dll
0x00007ffd6c180000 - 0x00007ffd6c196000 	C:\Java\jdk22\bin\nio.dll
0x00007ffcfc6b0000 - 0x00007ffcfc83d000 	C:\Java\jdk22\bin\awt.dll
0x00007ffd93de0000 - 0x00007ffd93e7c000 	C:\WINDOWS\SYSTEM32\apphelp.dll
0x00007ffd94110000 - 0x00007ffd941bd000 	C:\WINDOWS\system32\uxtheme.dll
0x00007ffd98ec0000 - 0x00007ffd9901b000 	C:\WINDOWS\System32\MSCTF.dll
0x00007ffd943f0000 - 0x00007ffd9441e000 	C:\WINDOWS\system32\DWMAPI.DLL
0x00007ffd55500000 - 0x00007ffd5560c000 	C:\WINDOWS\system32\opengl32.dll
0x00007ffd54ab0000 - 0x00007ffd54add000 	C:\WINDOWS\SYSTEM32\GLU32.dll
0x00007ffd941f0000 - 0x00007ffd94230000 	C:\WINDOWS\SYSTEM32\dxcore.dll
0x00007ffd6a900000 - 0x00007ffd6a917000 	C:\Java\jdk22\bin\zip.dll
0x00007ffd1fbd0000 - 0x00007ffd1fc57000 	C:\Java\jdk22\bin\freetype.dll
0x00007ffd1f760000 - 0x00007ffd1f838000 	C:\Java\jdk22\bin\fontmanager.dll
0x00007ffd86fd0000 - 0x00007ffd87114000 	C:\WINDOWS\SYSTEM32\textinputframework.dll
0x00007ffd93a10000 - 0x00007ffd93b35000 	C:\WINDOWS\SYSTEM32\CoreMessaging.dll
0x00007ffd910f0000 - 0x00007ffd913d3000 	C:\WINDOWS\SYSTEM32\CoreUIComponents.dll
0x00007ffd90b60000 - 0x00007ffd90cc8000 	C:\WINDOWS\SYSTEM32\wintypes.dll
0x00007ffd96750000 - 0x00007ffd9675c000 	C:\WINDOWS\SYSTEM32\CRYPTBASE.DLL
0x00007ffd995d0000 - 0x00007ffd99678000 	C:\WINDOWS\System32\clbcatq.dll
0x00007ffd93ee0000 - 0x00007ffd9410a000 	C:\WINDOWS\SYSTEM32\WindowsCodecs.dll
0x00007ffd82550000 - 0x00007ffd825aa000 	C:\WINDOWS\system32\dataexchange.dll
0x00007ffd8c7f0000 - 0x00007ffd8ca25000 	C:\WINDOWS\system32\twinapi.appcore.dll
0x00007ffd968d0000 - 0x00007ffd968ec000 	C:\WINDOWS\SYSTEM32\CRYPTSP.dll
0x00007ffd95fa0000 - 0x00007ffd95fd8000 	C:\WINDOWS\system32\rsaenh.dll
0x00007ffd965c0000 - 0x00007ffd965eb000 	C:\WINDOWS\SYSTEM32\USERENV.dll
0x00007ffd96a60000 - 0x00007ffd96a86000 	C:\WINDOWS\SYSTEM32\bcrypt.dll
0x00007ffd95b10000 - 0x00007ffd95b41000 	C:\WINDOWS\SYSTEM32\IPHLPAPI.DLL
0x00007ffd97fc0000 - 0x00007ffd97fca000 	C:\WINDOWS\System32\NSI.dll

dbghelp: loaded successfully - version: 4.0.5 - missing functions: none
symbol engine: initialized successfully - sym options: 0x614 - pdb path: .;C:\Java\jdk22\bin;C:\WINDOWS\SYSTEM32;C:\WINDOWS\WinSxS\amd64_microsoft.windows.common-controls_6595b64144ccf1df_6.0.26100.1882_none_3e0e949ae32eca40;C:\Java\jdk22\bin\server;C:\WINDOWS\System32\DriverStore\FileRepository\u0379124.inf_amd64_8773bc065cfe07b7\B377477

VM Arguments:
jvm_args: -Dfile.encoding=UTF-8 --module-path=C:\Users\User\Documents\tecnicas_project\Project\build\classes 
java_command: project.MainFrame
java_class_path (initial): C:\Users\User\Documents\tecnicas_project\Project\build\classes
Launcher Type: SUN_STANDARD

[Global flags]
     intx CICompilerCount                          = 4                                         {product} {ergonomic}
     uint ConcGCThreads                            = 2                                         {product} {ergonomic}
     uint G1ConcRefinementThreads                  = 8                                         {product} {ergonomic}
   size_t G1HeapRegionSize                         = 1048576                                   {product} {ergonomic}
   size_t InitialHeapSize                          = 100663296                                 {product} {ergonomic}
   size_t MarkStackSize                            = 4194304                                   {product} {ergonomic}
   size_t MaxHeapSize                              = 1598029824                                {product} {ergonomic}
   size_t MaxNewSize                               = 958398464                                 {product} {ergonomic}
   size_t MinHeapDeltaBytes                        = 1048576                                   {product} {ergonomic}
   size_t MinHeapSize                              = 8388608                                   {product} {ergonomic}
    uintx NonNMethodCodeHeapSize                   = 5839372                                {pd product} {ergonomic}
    uintx NonProfiledCodeHeapSize                  = 122909434                              {pd product} {ergonomic}
    uintx ProfiledCodeHeapSize                     = 122909434                              {pd product} {ergonomic}
    uintx ReservedCodeCacheSize                    = 251658240                              {pd product} {ergonomic}
     bool SegmentedCodeCache                       = true                                      {product} {ergonomic}
   size_t SoftMaxHeapSize                          = 1598029824                             {manageable} {ergonomic}
     bool UseCompressedOops                        = true                           {product lp64_product} {ergonomic}
     bool UseG1GC                                  = true                                      {product} {ergonomic}
     bool UseLargePagesIndividualAllocation        = false                                  {pd product} {ergonomic}

Logging:
Log output configuration:
 #0: stdout all=warning uptime,level,tags foldmultilines=false
 #1: stderr all=off uptime,level,tags foldmultilines=false

Environment Variables:
JAVA_HOME=C:\Java\jdk22\
PATH=C:\Java\jdk22\bin;C:\Program Files\Common Files\Oracle\Java\javapath;C:\Program Files (x86)\Common Files\Intel\Shared Libraries\redist\intel64\compiler;C:\src\flutter\bin;C:\Program Files (x86)\Common Files\Oracle\Java\javapath;C:\Windows\system32;C:\Windows;C:\Windows\System32\Wbem;C:\Windows\System32\WindowsPowerShell\v1.0\;C:\Windows\System32\OpenSSH\;C:\Program Files\Microsoft SQL Server\150\Tools\Binn\;C:\Program Files\Microsoft SQL Server\Client SDK\ODBC\170\Tools\Binn\;C:\Program Files\Calibre2\;C:\Program Files\dotnet\;C:\Program Files (x86)\Microsoft SQL Server\160\Tools\Binn\;C:\Program Files\Microsoft SQL Server\160\Tools\Binn\;C:\Program Files\Microsoft SQL Server\160\DTS\Binn\;C:\Program Files (x86)\Microsoft SQL Server\160\DTS\Binn\;C:\Program Files\Azure Data Studio\bin;C:\WINDOWS\system32;C:\WINDOWS;C:\WINDOWS\System32\Wbem;C:\WINDOWS\System32\WindowsPowerShell\v1.0\;C:\WINDOWS\System32\OpenSSH\;C:\Flutter\flutter\bin;C:\Program Files\Git\cmd;C:\Program Files\nodejs\;C:\Users\User\AppData\Local\Programs\Python\Python312\Scripts\;C:\Users\User\AppData\Local\Programs\Python\Python312\;C:\Users\User\AppData\Local\Microsoft\WindowsApps;C:\AutoDescargas\PyCharm Community Edition 2022.2.1\bin;;C:\Users\User\AppData\Local\Programs\Microsoft VS Code\bin;C:\Users\User\.dotnet\tools;C:\Program Files\Azure Data Studio\bin;C:\Users\User\AppData\Local\GitHubDesktop\bin;C:\Users\User\AppData\Roaming\npm;
USERNAME=User
OS=Windows_NT
PROCESSOR_IDENTIFIER=AMD64 Family 23 Model 24 Stepping 1, AuthenticAMD
TMP=C:\Users\User\AppData\Local\Temp
TEMP=C:\Users\User\AppData\Local\Temp




Periodic native trim disabled

---------------  S Y S T E M  ---------------

OS:
 Windows 11 , 64 bit Build 26100 (10.0.26100.1882)
OS uptime: 5 days 22:15 hours
Hyper-V role detected

CPU: total 8 (initial active 8) (8 cores per cpu, 2 threads per core) family 23 model 24 stepping 1 microcode 0x8108109, cx8, cmov, fxsr, ht, mmx, 3dnowpref, sse, sse2, sse3, ssse3, sse4a, sse4.1, sse4.2, popcnt, lzcnt, tsc, tscinvbit, avx, avx2, aes, clmul, bmi1, bmi2, adx, sha, fma, vzeroupper, clflush, clflushopt, hv, rdtscp, f16c
Processor Information for all 8 processors :
  Max Mhz: 2300, Current Mhz: 2300, Mhz Limit: 2300

Memory: 4k page, system-wide physical 6091M (531M free)
TotalPageFile size 21963M (AvailPageFile size 6350M)
current process WorkingSet (physical memory assigned to process): 34M, peak: 160M
current process commit charge ("private bytes"): 214M, peak: 275M

vm_info: OpenJDK 64-Bit Server VM (22.0.2+9) for windows-amd64 JRE (22.0.2+9), built on 2024-07-16T00:00:00Z by "admin" with MS VC++ 17.7 (VS2022)

END.
